INFO:     Will watch for changes in these directories: ['/Users/macbookpro/M4_Projects/Prodaction/Marque']
INFO:     Uvicorn running on http://0.0.0.0:8000 (Press CTRL+C to quit)
INFO:     Started reloader process [4323] using WatchFiles
/Users/macbookpro/M4_Projects/Prodaction/Marque/venv/lib/python3.11/site-packages/pydantic/_internal/_config.py:318: UserWarning: Valid config keys have changed in V2:
* 'orm_mode' has been renamed to 'from_attributes'
  warnings.warn(message, UserWarning)
INFO:src.app_01.main:✅ SQLAdmin static files mounted from: /Users/macbookpro/M4_Projects/Prodaction/Marque/venv/lib/python3.11/site-packages/sqladmin/statics
INFO:src.app_01.main:✅ Uploads directory mounted from: /Users/macbookpro/M4_Projects/Prodaction/Marque/static/uploads
INFO:src.app_01.main:✅ SQLAdmin initialized at /admin
INFO:     Started server process [4326]
INFO:     Waiting for application startup.
INFO:src.app_01.main:Starting Marque Multi-Market Authentication API
INFO:src.app_01.main:Supported markets: KG (Kyrgyzstan), US (United States)
INFO:src.app_01.main:Loaded 2 supported markets
INFO:src.app_01.main:  - MarketEnum.KG: Kyrgyzstan (сом)
INFO:src.app_01.main:  - MarketEnum.US: United States ($)
INFO:     Application startup complete.
INFO:     127.0.0.1:56876 - "GET /api/v1/categories/men/subcategories/t-shirts/products?limit=2 HTTP/1.1" 404 Not Found
INFO:     127.0.0.1:56939 - "GET /docs HTTP/1.1" 200 OK
INFO:     127.0.0.1:56952 - "GET /api/v1/categories HTTP/1.1" 200 OK
INFO:     127.0.0.1:56969 - "GET /api/v1/products HTTP/1.1" 200 OK
INFO:     127.0.0.1:57121 - "GET /api/v1/categories/men/subcategories/t-shirts/products?limit=2 HTTP/1.1" 404 Not Found
ERROR:src.app_01.main:Unexpected error: 1 validation error for CategoryWithCountSchema
sort_order
  Input should be a valid integer [type=int_type, input_value=None, input_type=NoneType]
    For further information visit https://errors.pydantic.dev/2.5/v/int_type
INFO:     127.0.0.1:57159 - "GET /api/v1/categories HTTP/1.1" 500 Internal Server Error
ERROR:    Exception in ASGI application
Traceback (most recent call last):
  File "/Users/macbookpro/M4_Projects/Prodaction/Marque/venv/lib/python3.11/site-packages/anyio/streams/memory.py", line 98, in receive
    return self.receive_nowait()
           ^^^^^^^^^^^^^^^^^^^^^
  File "/Users/macbookpro/M4_Projects/Prodaction/Marque/venv/lib/python3.11/site-packages/anyio/streams/memory.py", line 93, in receive_nowait
    raise WouldBlock
anyio.WouldBlock

During handling of the above exception, another exception occurred:

Traceback (most recent call last):
  File "/Users/macbookpro/M4_Projects/Prodaction/Marque/venv/lib/python3.11/site-packages/starlette/middleware/base.py", line 78, in call_next
    message = await recv_stream.receive()
              ^^^^^^^^^^^^^^^^^^^^^^^^^^^
  File "/Users/macbookpro/M4_Projects/Prodaction/Marque/venv/lib/python3.11/site-packages/anyio/streams/memory.py", line 118, in receive
    raise EndOfStream
anyio.EndOfStream

During handling of the above exception, another exception occurred:

Traceback (most recent call last):
  File "/Users/macbookpro/M4_Projects/Prodaction/Marque/venv/lib/python3.11/site-packages/uvicorn/protocols/http/httptools_impl.py", line 426, in run_asgi
    result = await app(  # type: ignore[func-returns-value]
             ^^^^^^^^^^^^^^^^^^^^^^^^^^^^^^^^^^^^^^^^^^^^^^
  File "/Users/macbookpro/M4_Projects/Prodaction/Marque/venv/lib/python3.11/site-packages/uvicorn/middleware/proxy_headers.py", line 84, in __call__
    return await self.app(scope, receive, send)
           ^^^^^^^^^^^^^^^^^^^^^^^^^^^^^^^^^^^^
  File "/Users/macbookpro/M4_Projects/Prodaction/Marque/venv/lib/python3.11/site-packages/fastapi/applications.py", line 1106, in __call__
    await super().__call__(scope, receive, send)
  File "/Users/macbookpro/M4_Projects/Prodaction/Marque/venv/lib/python3.11/site-packages/starlette/applications.py", line 122, in __call__
    await self.middleware_stack(scope, receive, send)
  File "/Users/macbookpro/M4_Projects/Prodaction/Marque/venv/lib/python3.11/site-packages/starlette/middleware/errors.py", line 184, in __call__
    raise exc
  File "/Users/macbookpro/M4_Projects/Prodaction/Marque/venv/lib/python3.11/site-packages/starlette/middleware/errors.py", line 162, in __call__
    await self.app(scope, receive, _send)
  File "/Users/macbookpro/M4_Projects/Prodaction/Marque/venv/lib/python3.11/site-packages/starlette/middleware/cors.py", line 83, in __call__
    await self.app(scope, receive, send)
  File "/Users/macbookpro/M4_Projects/Prodaction/Marque/venv/lib/python3.11/site-packages/starlette/middleware/sessions.py", line 86, in __call__
    await self.app(scope, receive, send_wrapper)
  File "/Users/macbookpro/M4_Projects/Prodaction/Marque/venv/lib/python3.11/site-packages/starlette/middleware/base.py", line 108, in __call__
    response = await self.dispatch_func(request, call_next)
               ^^^^^^^^^^^^^^^^^^^^^^^^^^^^^^^^^^^^^^^^^^^^
  File "/Users/macbookpro/M4_Projects/Prodaction/Marque/src/app_01/main.py", line 65, in dispatch
    response = await call_next(request)
               ^^^^^^^^^^^^^^^^^^^^^^^^
  File "/Users/macbookpro/M4_Projects/Prodaction/Marque/venv/lib/python3.11/site-packages/starlette/middleware/base.py", line 84, in call_next
    raise app_exc
  File "/Users/macbookpro/M4_Projects/Prodaction/Marque/venv/lib/python3.11/site-packages/starlette/middleware/base.py", line 70, in coro
    await self.app(scope, receive_or_disconnect, send_no_error)
  File "/Users/macbookpro/M4_Projects/Prodaction/Marque/venv/lib/python3.11/site-packages/starlette/middleware/base.py", line 108, in __call__
    response = await self.dispatch_func(request, call_next)
               ^^^^^^^^^^^^^^^^^^^^^^^^^^^^^^^^^^^^^^^^^^^^
  File "/Users/macbookpro/M4_Projects/Prodaction/Marque/src/app_01/main.py", line 48, in dispatch
    response = await call_next(request)
               ^^^^^^^^^^^^^^^^^^^^^^^^
  File "/Users/macbookpro/M4_Projects/Prodaction/Marque/venv/lib/python3.11/site-packages/starlette/middleware/base.py", line 84, in call_next
    raise app_exc
  File "/Users/macbookpro/M4_Projects/Prodaction/Marque/venv/lib/python3.11/site-packages/starlette/middleware/base.py", line 70, in coro
    await self.app(scope, receive_or_disconnect, send_no_error)
  File "/Users/macbookpro/M4_Projects/Prodaction/Marque/venv/lib/python3.11/site-packages/starlette/middleware/exceptions.py", line 79, in __call__
    raise exc
  File "/Users/macbookpro/M4_Projects/Prodaction/Marque/venv/lib/python3.11/site-packages/starlette/middleware/exceptions.py", line 68, in __call__
    await self.app(scope, receive, sender)
  File "/Users/macbookpro/M4_Projects/Prodaction/Marque/venv/lib/python3.11/site-packages/fastapi/middleware/asyncexitstack.py", line 20, in __call__
    raise e
  File "/Users/macbookpro/M4_Projects/Prodaction/Marque/venv/lib/python3.11/site-packages/fastapi/middleware/asyncexitstack.py", line 17, in __call__
    await self.app(scope, receive, send)
  File "/Users/macbookpro/M4_Projects/Prodaction/Marque/venv/lib/python3.11/site-packages/starlette/routing.py", line 718, in __call__
    await route.handle(scope, receive, send)
  File "/Users/macbookpro/M4_Projects/Prodaction/Marque/venv/lib/python3.11/site-packages/starlette/routing.py", line 276, in handle
    await self.app(scope, receive, send)
  File "/Users/macbookpro/M4_Projects/Prodaction/Marque/venv/lib/python3.11/site-packages/starlette/routing.py", line 66, in app
    response = await func(request)
               ^^^^^^^^^^^^^^^^^^^
  File "/Users/macbookpro/M4_Projects/Prodaction/Marque/venv/lib/python3.11/site-packages/fastapi/routing.py", line 274, in app
    raw_response = await run_endpoint_function(
                   ^^^^^^^^^^^^^^^^^^^^^^^^^^^^
  File "/Users/macbookpro/M4_Projects/Prodaction/Marque/venv/lib/python3.11/site-packages/fastapi/routing.py", line 193, in run_endpoint_function
    return await run_in_threadpool(dependant.call, **values)
           ^^^^^^^^^^^^^^^^^^^^^^^^^^^^^^^^^^^^^^^^^^^^^^^^^
  File "/Users/macbookpro/M4_Projects/Prodaction/Marque/venv/lib/python3.11/site-packages/starlette/concurrency.py", line 41, in run_in_threadpool
    return await anyio.to_thread.run_sync(func, *args)
           ^^^^^^^^^^^^^^^^^^^^^^^^^^^^^^^^^^^^^^^^^^^
  File "/Users/macbookpro/M4_Projects/Prodaction/Marque/venv/lib/python3.11/site-packages/anyio/to_thread.py", line 33, in run_sync
    return await get_asynclib().run_sync_in_worker_thread(
           ^^^^^^^^^^^^^^^^^^^^^^^^^^^^^^^^^^^^^^^^^^^^^^^
  File "/Users/macbookpro/M4_Projects/Prodaction/Marque/venv/lib/python3.11/site-packages/anyio/_backends/_asyncio.py", line 877, in run_sync_in_worker_thread
    return await future
           ^^^^^^^^^^^^
  File "/Users/macbookpro/M4_Projects/Prodaction/Marque/venv/lib/python3.11/site-packages/anyio/_backends/_asyncio.py", line 807, in run
    result = context.run(func, *args)
             ^^^^^^^^^^^^^^^^^^^^^^^^
  File "/Users/macbookpro/M4_Projects/Prodaction/Marque/src/app_01/routers/category_router.py", line 44, in get_all_categories
    category_list.append(CategoryWithCountSchema(
                         ^^^^^^^^^^^^^^^^^^^^^^^^
  File "/Users/macbookpro/M4_Projects/Prodaction/Marque/venv/lib/python3.11/site-packages/pydantic/main.py", line 164, in __init__
    __pydantic_self__.__pydantic_validator__.validate_python(data, self_instance=__pydantic_self__)
pydantic_core._pydantic_core.ValidationError: 1 validation error for CategoryWithCountSchema
sort_order
  Input should be a valid integer [type=int_type, input_value=None, input_type=NoneType]
    For further information visit https://errors.pydantic.dev/2.5/v/int_type
INFO:     127.0.0.1:57172 - "GET /api/v1/subcategories/t-shirts/products?limit=2 HTTP/1.1" 200 OK
/Users/macbookpro/M4_Projects/Prodaction/Marque/venv/lib/python3.11/site-packages/fastapi/openapi/utils.py:207: UserWarning: Duplicate Operation ID search_products_api_v1_products_search_get for function search_products at /Users/macbookpro/M4_Projects/Prodaction/Marque/src/app_01/routers/product_router.py
  warnings.warn(message, stacklevel=1)
INFO:     127.0.0.1:57233 - "GET /openapi.json HTTP/1.1" 200 OK
WARNING:  WatchFiles detected changes in 'src/app_01/routers/category_router.py'. Reloading...
INFO:     Shutting down
INFO:     Waiting for application shutdown.
INFO:src.app_01.main:Shutting down Marque Multi-Market Authentication API
INFO:     Application shutdown complete.
INFO:     Finished server process [4326]
/Users/macbookpro/M4_Projects/Prodaction/Marque/venv/lib/python3.11/site-packages/pydantic/_internal/_config.py:318: UserWarning: Valid config keys have changed in V2:
* 'orm_mode' has been renamed to 'from_attributes'
  warnings.warn(message, UserWarning)
INFO:src.app_01.main:✅ SQLAdmin static files mounted from: /Users/macbookpro/M4_Projects/Prodaction/Marque/venv/lib/python3.11/site-packages/sqladmin/statics
INFO:src.app_01.main:✅ Uploads directory mounted from: /Users/macbookpro/M4_Projects/Prodaction/Marque/static/uploads
INFO:src.app_01.main:✅ SQLAdmin initialized at /admin
INFO:     Started server process [8008]
INFO:     Waiting for application startup.
INFO:src.app_01.main:Starting Marque Multi-Market Authentication API
INFO:src.app_01.main:Supported markets: KG (Kyrgyzstan), US (United States)
INFO:src.app_01.main:Loaded 2 supported markets
INFO:src.app_01.main:  - MarketEnum.KG: Kyrgyzstan (сом)
INFO:src.app_01.main:  - MarketEnum.US: United States ($)
INFO:     Application startup complete.
WARNING:  WatchFiles detected changes in 'src/app_01/routers/category_router.py'. Reloading...
INFO:     Shutting down
INFO:     Waiting for application shutdown.
INFO:src.app_01.main:Shutting down Marque Multi-Market Authentication API
INFO:     Application shutdown complete.
INFO:     Finished server process [8008]
/Users/macbookpro/M4_Projects/Prodaction/Marque/venv/lib/python3.11/site-packages/pydantic/_internal/_config.py:318: UserWarning: Valid config keys have changed in V2:
* 'orm_mode' has been renamed to 'from_attributes'
  warnings.warn(message, UserWarning)
INFO:src.app_01.main:✅ SQLAdmin static files mounted from: /Users/macbookpro/M4_Projects/Prodaction/Marque/venv/lib/python3.11/site-packages/sqladmin/statics
INFO:src.app_01.main:✅ Uploads directory mounted from: /Users/macbookpro/M4_Projects/Prodaction/Marque/static/uploads
INFO:src.app_01.main:✅ SQLAdmin initialized at /admin
INFO:     Started server process [8016]
INFO:     Waiting for application startup.
INFO:src.app_01.main:Starting Marque Multi-Market Authentication API
INFO:src.app_01.main:Supported markets: KG (Kyrgyzstan), US (United States)
INFO:src.app_01.main:Loaded 2 supported markets
INFO:src.app_01.main:  - MarketEnum.KG: Kyrgyzstan (сом)
INFO:src.app_01.main:  - MarketEnum.US: United States ($)
INFO:     Application startup complete.
ERROR:src.app_01.main:Unexpected error: 'ProductAsset' object has no attribute 'asset_type'
INFO:     127.0.0.1:57409 - "GET /api/v1/categories/men/subcategories/t-shirts/products?limit=3 HTTP/1.1" 500 Internal Server Error
ERROR:    Exception in ASGI application
Traceback (most recent call last):
  File "/Users/macbookpro/M4_Projects/Prodaction/Marque/venv/lib/python3.11/site-packages/anyio/streams/memory.py", line 98, in receive
    return self.receive_nowait()
           ^^^^^^^^^^^^^^^^^^^^^
  File "/Users/macbookpro/M4_Projects/Prodaction/Marque/venv/lib/python3.11/site-packages/anyio/streams/memory.py", line 93, in receive_nowait
    raise WouldBlock
anyio.WouldBlock

During handling of the above exception, another exception occurred:

Traceback (most recent call last):
  File "/Users/macbookpro/M4_Projects/Prodaction/Marque/venv/lib/python3.11/site-packages/starlette/middleware/base.py", line 78, in call_next
    message = await recv_stream.receive()
              ^^^^^^^^^^^^^^^^^^^^^^^^^^^
  File "/Users/macbookpro/M4_Projects/Prodaction/Marque/venv/lib/python3.11/site-packages/anyio/streams/memory.py", line 118, in receive
    raise EndOfStream
anyio.EndOfStream

During handling of the above exception, another exception occurred:

Traceback (most recent call last):
  File "/Users/macbookpro/M4_Projects/Prodaction/Marque/venv/lib/python3.11/site-packages/uvicorn/protocols/http/httptools_impl.py", line 426, in run_asgi
    result = await app(  # type: ignore[func-returns-value]
             ^^^^^^^^^^^^^^^^^^^^^^^^^^^^^^^^^^^^^^^^^^^^^^
  File "/Users/macbookpro/M4_Projects/Prodaction/Marque/venv/lib/python3.11/site-packages/uvicorn/middleware/proxy_headers.py", line 84, in __call__
    return await self.app(scope, receive, send)
           ^^^^^^^^^^^^^^^^^^^^^^^^^^^^^^^^^^^^
  File "/Users/macbookpro/M4_Projects/Prodaction/Marque/venv/lib/python3.11/site-packages/fastapi/applications.py", line 1106, in __call__
    await super().__call__(scope, receive, send)
  File "/Users/macbookpro/M4_Projects/Prodaction/Marque/venv/lib/python3.11/site-packages/starlette/applications.py", line 122, in __call__
    await self.middleware_stack(scope, receive, send)
  File "/Users/macbookpro/M4_Projects/Prodaction/Marque/venv/lib/python3.11/site-packages/starlette/middleware/errors.py", line 184, in __call__
    raise exc
  File "/Users/macbookpro/M4_Projects/Prodaction/Marque/venv/lib/python3.11/site-packages/starlette/middleware/errors.py", line 162, in __call__
    await self.app(scope, receive, _send)
  File "/Users/macbookpro/M4_Projects/Prodaction/Marque/venv/lib/python3.11/site-packages/starlette/middleware/cors.py", line 83, in __call__
    await self.app(scope, receive, send)
  File "/Users/macbookpro/M4_Projects/Prodaction/Marque/venv/lib/python3.11/site-packages/starlette/middleware/sessions.py", line 86, in __call__
    await self.app(scope, receive, send_wrapper)
  File "/Users/macbookpro/M4_Projects/Prodaction/Marque/venv/lib/python3.11/site-packages/starlette/middleware/base.py", line 108, in __call__
    response = await self.dispatch_func(request, call_next)
               ^^^^^^^^^^^^^^^^^^^^^^^^^^^^^^^^^^^^^^^^^^^^
  File "/Users/macbookpro/M4_Projects/Prodaction/Marque/src/app_01/main.py", line 65, in dispatch
    response = await call_next(request)
               ^^^^^^^^^^^^^^^^^^^^^^^^
  File "/Users/macbookpro/M4_Projects/Prodaction/Marque/venv/lib/python3.11/site-packages/starlette/middleware/base.py", line 84, in call_next
    raise app_exc
  File "/Users/macbookpro/M4_Projects/Prodaction/Marque/venv/lib/python3.11/site-packages/starlette/middleware/base.py", line 70, in coro
    await self.app(scope, receive_or_disconnect, send_no_error)
  File "/Users/macbookpro/M4_Projects/Prodaction/Marque/venv/lib/python3.11/site-packages/starlette/middleware/base.py", line 108, in __call__
    response = await self.dispatch_func(request, call_next)
               ^^^^^^^^^^^^^^^^^^^^^^^^^^^^^^^^^^^^^^^^^^^^
  File "/Users/macbookpro/M4_Projects/Prodaction/Marque/src/app_01/main.py", line 48, in dispatch
    response = await call_next(request)
               ^^^^^^^^^^^^^^^^^^^^^^^^
  File "/Users/macbookpro/M4_Projects/Prodaction/Marque/venv/lib/python3.11/site-packages/starlette/middleware/base.py", line 84, in call_next
    raise app_exc
  File "/Users/macbookpro/M4_Projects/Prodaction/Marque/venv/lib/python3.11/site-packages/starlette/middleware/base.py", line 70, in coro
    await self.app(scope, receive_or_disconnect, send_no_error)
  File "/Users/macbookpro/M4_Projects/Prodaction/Marque/venv/lib/python3.11/site-packages/starlette/middleware/exceptions.py", line 79, in __call__
    raise exc
  File "/Users/macbookpro/M4_Projects/Prodaction/Marque/venv/lib/python3.11/site-packages/starlette/middleware/exceptions.py", line 68, in __call__
    await self.app(scope, receive, sender)
  File "/Users/macbookpro/M4_Projects/Prodaction/Marque/venv/lib/python3.11/site-packages/fastapi/middleware/asyncexitstack.py", line 20, in __call__
    raise e
  File "/Users/macbookpro/M4_Projects/Prodaction/Marque/venv/lib/python3.11/site-packages/fastapi/middleware/asyncexitstack.py", line 17, in __call__
    await self.app(scope, receive, send)
  File "/Users/macbookpro/M4_Projects/Prodaction/Marque/venv/lib/python3.11/site-packages/starlette/routing.py", line 718, in __call__
    await route.handle(scope, receive, send)
  File "/Users/macbookpro/M4_Projects/Prodaction/Marque/venv/lib/python3.11/site-packages/starlette/routing.py", line 276, in handle
    await self.app(scope, receive, send)
  File "/Users/macbookpro/M4_Projects/Prodaction/Marque/venv/lib/python3.11/site-packages/starlette/routing.py", line 66, in app
    response = await func(request)
               ^^^^^^^^^^^^^^^^^^^
  File "/Users/macbookpro/M4_Projects/Prodaction/Marque/venv/lib/python3.11/site-packages/fastapi/routing.py", line 274, in app
    raw_response = await run_endpoint_function(
                   ^^^^^^^^^^^^^^^^^^^^^^^^^^^^
  File "/Users/macbookpro/M4_Projects/Prodaction/Marque/venv/lib/python3.11/site-packages/fastapi/routing.py", line 193, in run_endpoint_function
    return await run_in_threadpool(dependant.call, **values)
           ^^^^^^^^^^^^^^^^^^^^^^^^^^^^^^^^^^^^^^^^^^^^^^^^^
  File "/Users/macbookpro/M4_Projects/Prodaction/Marque/venv/lib/python3.11/site-packages/starlette/concurrency.py", line 41, in run_in_threadpool
    return await anyio.to_thread.run_sync(func, *args)
           ^^^^^^^^^^^^^^^^^^^^^^^^^^^^^^^^^^^^^^^^^^^
  File "/Users/macbookpro/M4_Projects/Prodaction/Marque/venv/lib/python3.11/site-packages/anyio/to_thread.py", line 33, in run_sync
    return await get_asynclib().run_sync_in_worker_thread(
           ^^^^^^^^^^^^^^^^^^^^^^^^^^^^^^^^^^^^^^^^^^^^^^^
  File "/Users/macbookpro/M4_Projects/Prodaction/Marque/venv/lib/python3.11/site-packages/anyio/_backends/_asyncio.py", line 877, in run_sync_in_worker_thread
    return await future
           ^^^^^^^^^^^^
  File "/Users/macbookpro/M4_Projects/Prodaction/Marque/venv/lib/python3.11/site-packages/anyio/_backends/_asyncio.py", line 807, in run
    result = context.run(func, *args)
             ^^^^^^^^^^^^^^^^^^^^^^^^
  File "/Users/macbookpro/M4_Projects/Prodaction/Marque/src/app_01/routers/category_router.py", line 341, in get_products_by_category_and_subcategory
    if asset.asset_type == 'image':
       ^^^^^^^^^^^^^^^^
AttributeError: 'ProductAsset' object has no attribute 'asset_type'
WARNING:  WatchFiles detected changes in 'src/app_01/routers/category_router.py'. Reloading...
INFO:     Shutting down
INFO:     Waiting for application shutdown.
INFO:src.app_01.main:Shutting down Marque Multi-Market Authentication API
INFO:     Application shutdown complete.
INFO:     Finished server process [8016]
/Users/macbookpro/M4_Projects/Prodaction/Marque/venv/lib/python3.11/site-packages/pydantic/_internal/_config.py:318: UserWarning: Valid config keys have changed in V2:
* 'orm_mode' has been renamed to 'from_attributes'
  warnings.warn(message, UserWarning)
INFO:src.app_01.main:✅ SQLAdmin static files mounted from: /Users/macbookpro/M4_Projects/Prodaction/Marque/venv/lib/python3.11/site-packages/sqladmin/statics
INFO:src.app_01.main:✅ Uploads directory mounted from: /Users/macbookpro/M4_Projects/Prodaction/Marque/static/uploads
INFO:src.app_01.main:✅ SQLAdmin initialized at /admin
INFO:     Started server process [8824]
INFO:     Waiting for application startup.
INFO:src.app_01.main:Starting Marque Multi-Market Authentication API
INFO:src.app_01.main:Supported markets: KG (Kyrgyzstan), US (United States)
INFO:src.app_01.main:Loaded 2 supported markets
INFO:src.app_01.main:  - MarketEnum.KG: Kyrgyzstan (сом)
INFO:src.app_01.main:  - MarketEnum.US: United States ($)
INFO:     Application startup complete.
WARNING:  WatchFiles detected changes in 'src/app_01/routers/category_router.py'. Reloading...
INFO:     Shutting down
INFO:     Waiting for application shutdown.
INFO:src.app_01.main:Shutting down Marque Multi-Market Authentication API
INFO:     Application shutdown complete.
INFO:     Finished server process [8824]
/Users/macbookpro/M4_Projects/Prodaction/Marque/venv/lib/python3.11/site-packages/pydantic/_internal/_config.py:318: UserWarning: Valid config keys have changed in V2:
* 'orm_mode' has been renamed to 'from_attributes'
  warnings.warn(message, UserWarning)
INFO:src.app_01.main:✅ SQLAdmin static files mounted from: /Users/macbookpro/M4_Projects/Prodaction/Marque/venv/lib/python3.11/site-packages/sqladmin/statics
INFO:src.app_01.main:✅ Uploads directory mounted from: /Users/macbookpro/M4_Projects/Prodaction/Marque/static/uploads
INFO:src.app_01.main:✅ SQLAdmin initialized at /admin
INFO:     Started server process [8832]
INFO:     Waiting for application startup.
INFO:src.app_01.main:Starting Marque Multi-Market Authentication API
INFO:src.app_01.main:Supported markets: KG (Kyrgyzstan), US (United States)
INFO:src.app_01.main:Loaded 2 supported markets
INFO:src.app_01.main:  - MarketEnum.KG: Kyrgyzstan (сом)
INFO:src.app_01.main:  - MarketEnum.US: United States ($)
INFO:     Application startup complete.
ERROR:src.app_01.main:Unexpected error: 1 validation error for CategorySchema
id
  Input should be a valid string [type=string_type, input_value=11, input_type=int]
    For further information visit https://errors.pydantic.dev/2.5/v/string_type
INFO:     127.0.0.1:57635 - "GET /api/v1/categories/men/subcategories/t-shirts/products?limit=2 HTTP/1.1" 500 Internal Server Error
ERROR:    Exception in ASGI application
Traceback (most recent call last):
  File "/Users/macbookpro/M4_Projects/Prodaction/Marque/venv/lib/python3.11/site-packages/anyio/streams/memory.py", line 98, in receive
    return self.receive_nowait()
           ^^^^^^^^^^^^^^^^^^^^^
  File "/Users/macbookpro/M4_Projects/Prodaction/Marque/venv/lib/python3.11/site-packages/anyio/streams/memory.py", line 93, in receive_nowait
    raise WouldBlock
anyio.WouldBlock

During handling of the above exception, another exception occurred:

Traceback (most recent call last):
  File "/Users/macbookpro/M4_Projects/Prodaction/Marque/venv/lib/python3.11/site-packages/starlette/middleware/base.py", line 78, in call_next
    message = await recv_stream.receive()
              ^^^^^^^^^^^^^^^^^^^^^^^^^^^
  File "/Users/macbookpro/M4_Projects/Prodaction/Marque/venv/lib/python3.11/site-packages/anyio/streams/memory.py", line 118, in receive
    raise EndOfStream
anyio.EndOfStream

During handling of the above exception, another exception occurred:

Traceback (most recent call last):
  File "/Users/macbookpro/M4_Projects/Prodaction/Marque/venv/lib/python3.11/site-packages/uvicorn/protocols/http/httptools_impl.py", line 426, in run_asgi
    result = await app(  # type: ignore[func-returns-value]
             ^^^^^^^^^^^^^^^^^^^^^^^^^^^^^^^^^^^^^^^^^^^^^^
  File "/Users/macbookpro/M4_Projects/Prodaction/Marque/venv/lib/python3.11/site-packages/uvicorn/middleware/proxy_headers.py", line 84, in __call__
    return await self.app(scope, receive, send)
           ^^^^^^^^^^^^^^^^^^^^^^^^^^^^^^^^^^^^
  File "/Users/macbookpro/M4_Projects/Prodaction/Marque/venv/lib/python3.11/site-packages/fastapi/applications.py", line 1106, in __call__
    await super().__call__(scope, receive, send)
  File "/Users/macbookpro/M4_Projects/Prodaction/Marque/venv/lib/python3.11/site-packages/starlette/applications.py", line 122, in __call__
    await self.middleware_stack(scope, receive, send)
  File "/Users/macbookpro/M4_Projects/Prodaction/Marque/venv/lib/python3.11/site-packages/starlette/middleware/errors.py", line 184, in __call__
    raise exc
  File "/Users/macbookpro/M4_Projects/Prodaction/Marque/venv/lib/python3.11/site-packages/starlette/middleware/errors.py", line 162, in __call__
    await self.app(scope, receive, _send)
  File "/Users/macbookpro/M4_Projects/Prodaction/Marque/venv/lib/python3.11/site-packages/starlette/middleware/cors.py", line 83, in __call__
    await self.app(scope, receive, send)
  File "/Users/macbookpro/M4_Projects/Prodaction/Marque/venv/lib/python3.11/site-packages/starlette/middleware/sessions.py", line 86, in __call__
    await self.app(scope, receive, send_wrapper)
  File "/Users/macbookpro/M4_Projects/Prodaction/Marque/venv/lib/python3.11/site-packages/starlette/middleware/base.py", line 108, in __call__
    response = await self.dispatch_func(request, call_next)
               ^^^^^^^^^^^^^^^^^^^^^^^^^^^^^^^^^^^^^^^^^^^^
  File "/Users/macbookpro/M4_Projects/Prodaction/Marque/src/app_01/main.py", line 65, in dispatch
    response = await call_next(request)
               ^^^^^^^^^^^^^^^^^^^^^^^^
  File "/Users/macbookpro/M4_Projects/Prodaction/Marque/venv/lib/python3.11/site-packages/starlette/middleware/base.py", line 84, in call_next
    raise app_exc
  File "/Users/macbookpro/M4_Projects/Prodaction/Marque/venv/lib/python3.11/site-packages/starlette/middleware/base.py", line 70, in coro
    await self.app(scope, receive_or_disconnect, send_no_error)
  File "/Users/macbookpro/M4_Projects/Prodaction/Marque/venv/lib/python3.11/site-packages/starlette/middleware/base.py", line 108, in __call__
    response = await self.dispatch_func(request, call_next)
               ^^^^^^^^^^^^^^^^^^^^^^^^^^^^^^^^^^^^^^^^^^^^
  File "/Users/macbookpro/M4_Projects/Prodaction/Marque/src/app_01/main.py", line 48, in dispatch
    response = await call_next(request)
               ^^^^^^^^^^^^^^^^^^^^^^^^
  File "/Users/macbookpro/M4_Projects/Prodaction/Marque/venv/lib/python3.11/site-packages/starlette/middleware/base.py", line 84, in call_next
    raise app_exc
  File "/Users/macbookpro/M4_Projects/Prodaction/Marque/venv/lib/python3.11/site-packages/starlette/middleware/base.py", line 70, in coro
    await self.app(scope, receive_or_disconnect, send_no_error)
  File "/Users/macbookpro/M4_Projects/Prodaction/Marque/venv/lib/python3.11/site-packages/starlette/middleware/exceptions.py", line 79, in __call__
    raise exc
  File "/Users/macbookpro/M4_Projects/Prodaction/Marque/venv/lib/python3.11/site-packages/starlette/middleware/exceptions.py", line 68, in __call__
    await self.app(scope, receive, sender)
  File "/Users/macbookpro/M4_Projects/Prodaction/Marque/venv/lib/python3.11/site-packages/fastapi/middleware/asyncexitstack.py", line 20, in __call__
    raise e
  File "/Users/macbookpro/M4_Projects/Prodaction/Marque/venv/lib/python3.11/site-packages/fastapi/middleware/asyncexitstack.py", line 17, in __call__
    await self.app(scope, receive, send)
  File "/Users/macbookpro/M4_Projects/Prodaction/Marque/venv/lib/python3.11/site-packages/starlette/routing.py", line 718, in __call__
    await route.handle(scope, receive, send)
  File "/Users/macbookpro/M4_Projects/Prodaction/Marque/venv/lib/python3.11/site-packages/starlette/routing.py", line 276, in handle
    await self.app(scope, receive, send)
  File "/Users/macbookpro/M4_Projects/Prodaction/Marque/venv/lib/python3.11/site-packages/starlette/routing.py", line 66, in app
    response = await func(request)
               ^^^^^^^^^^^^^^^^^^^
  File "/Users/macbookpro/M4_Projects/Prodaction/Marque/venv/lib/python3.11/site-packages/fastapi/routing.py", line 274, in app
    raw_response = await run_endpoint_function(
                   ^^^^^^^^^^^^^^^^^^^^^^^^^^^^
  File "/Users/macbookpro/M4_Projects/Prodaction/Marque/venv/lib/python3.11/site-packages/fastapi/routing.py", line 193, in run_endpoint_function
    return await run_in_threadpool(dependant.call, **values)
           ^^^^^^^^^^^^^^^^^^^^^^^^^^^^^^^^^^^^^^^^^^^^^^^^^
  File "/Users/macbookpro/M4_Projects/Prodaction/Marque/venv/lib/python3.11/site-packages/starlette/concurrency.py", line 41, in run_in_threadpool
    return await anyio.to_thread.run_sync(func, *args)
           ^^^^^^^^^^^^^^^^^^^^^^^^^^^^^^^^^^^^^^^^^^^
  File "/Users/macbookpro/M4_Projects/Prodaction/Marque/venv/lib/python3.11/site-packages/anyio/to_thread.py", line 33, in run_sync
    return await get_asynclib().run_sync_in_worker_thread(
           ^^^^^^^^^^^^^^^^^^^^^^^^^^^^^^^^^^^^^^^^^^^^^^^
  File "/Users/macbookpro/M4_Projects/Prodaction/Marque/venv/lib/python3.11/site-packages/anyio/_backends/_asyncio.py", line 877, in run_sync_in_worker_thread
    return await future
           ^^^^^^^^^^^^
  File "/Users/macbookpro/M4_Projects/Prodaction/Marque/venv/lib/python3.11/site-packages/anyio/_backends/_asyncio.py", line 807, in run
    result = context.run(func, *args)
             ^^^^^^^^^^^^^^^^^^^^^^^^
  File "/Users/macbookpro/M4_Projects/Prodaction/Marque/src/app_01/routers/category_router.py", line 373, in get_products_by_category_and_subcategory
    category=CategorySchema(
             ^^^^^^^^^^^^^^^
  File "/Users/macbookpro/M4_Projects/Prodaction/Marque/venv/lib/python3.11/site-packages/pydantic/main.py", line 164, in __init__
    __pydantic_self__.__pydantic_validator__.validate_python(data, self_instance=__pydantic_self__)
pydantic_core._pydantic_core.ValidationError: 1 validation error for CategorySchema
id
  Input should be a valid string [type=string_type, input_value=11, input_type=int]
    For further information visit https://errors.pydantic.dev/2.5/v/string_type
ERROR:src.app_01.main:Unexpected error: 1 validation error for CategorySchema
id
  Input should be a valid string [type=string_type, input_value=11, input_type=int]
    For further information visit https://errors.pydantic.dev/2.5/v/string_type
INFO:     127.0.0.1:57734 - "GET /api/v1/categories/men/subcategories/t-shirts/products?limit=2 HTTP/1.1" 500 Internal Server Error
ERROR:    Exception in ASGI application
Traceback (most recent call last):
  File "/Users/macbookpro/M4_Projects/Prodaction/Marque/venv/lib/python3.11/site-packages/anyio/streams/memory.py", line 98, in receive
    return self.receive_nowait()
           ^^^^^^^^^^^^^^^^^^^^^
  File "/Users/macbookpro/M4_Projects/Prodaction/Marque/venv/lib/python3.11/site-packages/anyio/streams/memory.py", line 93, in receive_nowait
    raise WouldBlock
anyio.WouldBlock

During handling of the above exception, another exception occurred:

Traceback (most recent call last):
  File "/Users/macbookpro/M4_Projects/Prodaction/Marque/venv/lib/python3.11/site-packages/starlette/middleware/base.py", line 78, in call_next
    message = await recv_stream.receive()
              ^^^^^^^^^^^^^^^^^^^^^^^^^^^
  File "/Users/macbookpro/M4_Projects/Prodaction/Marque/venv/lib/python3.11/site-packages/anyio/streams/memory.py", line 118, in receive
    raise EndOfStream
anyio.EndOfStream

During handling of the above exception, another exception occurred:

Traceback (most recent call last):
  File "/Users/macbookpro/M4_Projects/Prodaction/Marque/venv/lib/python3.11/site-packages/uvicorn/protocols/http/httptools_impl.py", line 426, in run_asgi
    result = await app(  # type: ignore[func-returns-value]
             ^^^^^^^^^^^^^^^^^^^^^^^^^^^^^^^^^^^^^^^^^^^^^^
  File "/Users/macbookpro/M4_Projects/Prodaction/Marque/venv/lib/python3.11/site-packages/uvicorn/middleware/proxy_headers.py", line 84, in __call__
    return await self.app(scope, receive, send)
           ^^^^^^^^^^^^^^^^^^^^^^^^^^^^^^^^^^^^
  File "/Users/macbookpro/M4_Projects/Prodaction/Marque/venv/lib/python3.11/site-packages/fastapi/applications.py", line 1106, in __call__
    await super().__call__(scope, receive, send)
  File "/Users/macbookpro/M4_Projects/Prodaction/Marque/venv/lib/python3.11/site-packages/starlette/applications.py", line 122, in __call__
    await self.middleware_stack(scope, receive, send)
  File "/Users/macbookpro/M4_Projects/Prodaction/Marque/venv/lib/python3.11/site-packages/starlette/middleware/errors.py", line 184, in __call__
    raise exc
  File "/Users/macbookpro/M4_Projects/Prodaction/Marque/venv/lib/python3.11/site-packages/starlette/middleware/errors.py", line 162, in __call__
    await self.app(scope, receive, _send)
  File "/Users/macbookpro/M4_Projects/Prodaction/Marque/venv/lib/python3.11/site-packages/starlette/middleware/cors.py", line 83, in __call__
    await self.app(scope, receive, send)
  File "/Users/macbookpro/M4_Projects/Prodaction/Marque/venv/lib/python3.11/site-packages/starlette/middleware/sessions.py", line 86, in __call__
    await self.app(scope, receive, send_wrapper)
  File "/Users/macbookpro/M4_Projects/Prodaction/Marque/venv/lib/python3.11/site-packages/starlette/middleware/base.py", line 108, in __call__
    response = await self.dispatch_func(request, call_next)
               ^^^^^^^^^^^^^^^^^^^^^^^^^^^^^^^^^^^^^^^^^^^^
  File "/Users/macbookpro/M4_Projects/Prodaction/Marque/src/app_01/main.py", line 65, in dispatch
    response = await call_next(request)
               ^^^^^^^^^^^^^^^^^^^^^^^^
  File "/Users/macbookpro/M4_Projects/Prodaction/Marque/venv/lib/python3.11/site-packages/starlette/middleware/base.py", line 84, in call_next
    raise app_exc
  File "/Users/macbookpro/M4_Projects/Prodaction/Marque/venv/lib/python3.11/site-packages/starlette/middleware/base.py", line 70, in coro
    await self.app(scope, receive_or_disconnect, send_no_error)
  File "/Users/macbookpro/M4_Projects/Prodaction/Marque/venv/lib/python3.11/site-packages/starlette/middleware/base.py", line 108, in __call__
    response = await self.dispatch_func(request, call_next)
               ^^^^^^^^^^^^^^^^^^^^^^^^^^^^^^^^^^^^^^^^^^^^
  File "/Users/macbookpro/M4_Projects/Prodaction/Marque/src/app_01/main.py", line 48, in dispatch
    response = await call_next(request)
               ^^^^^^^^^^^^^^^^^^^^^^^^
  File "/Users/macbookpro/M4_Projects/Prodaction/Marque/venv/lib/python3.11/site-packages/starlette/middleware/base.py", line 84, in call_next
    raise app_exc
  File "/Users/macbookpro/M4_Projects/Prodaction/Marque/venv/lib/python3.11/site-packages/starlette/middleware/base.py", line 70, in coro
    await self.app(scope, receive_or_disconnect, send_no_error)
  File "/Users/macbookpro/M4_Projects/Prodaction/Marque/venv/lib/python3.11/site-packages/starlette/middleware/exceptions.py", line 79, in __call__
    raise exc
  File "/Users/macbookpro/M4_Projects/Prodaction/Marque/venv/lib/python3.11/site-packages/starlette/middleware/exceptions.py", line 68, in __call__
    await self.app(scope, receive, sender)
  File "/Users/macbookpro/M4_Projects/Prodaction/Marque/venv/lib/python3.11/site-packages/fastapi/middleware/asyncexitstack.py", line 20, in __call__
    raise e
  File "/Users/macbookpro/M4_Projects/Prodaction/Marque/venv/lib/python3.11/site-packages/fastapi/middleware/asyncexitstack.py", line 17, in __call__
    await self.app(scope, receive, send)
  File "/Users/macbookpro/M4_Projects/Prodaction/Marque/venv/lib/python3.11/site-packages/starlette/routing.py", line 718, in __call__
    await route.handle(scope, receive, send)
  File "/Users/macbookpro/M4_Projects/Prodaction/Marque/venv/lib/python3.11/site-packages/starlette/routing.py", line 276, in handle
    await self.app(scope, receive, send)
  File "/Users/macbookpro/M4_Projects/Prodaction/Marque/venv/lib/python3.11/site-packages/starlette/routing.py", line 66, in app
    response = await func(request)
               ^^^^^^^^^^^^^^^^^^^
  File "/Users/macbookpro/M4_Projects/Prodaction/Marque/venv/lib/python3.11/site-packages/fastapi/routing.py", line 274, in app
    raw_response = await run_endpoint_function(
                   ^^^^^^^^^^^^^^^^^^^^^^^^^^^^
  File "/Users/macbookpro/M4_Projects/Prodaction/Marque/venv/lib/python3.11/site-packages/fastapi/routing.py", line 193, in run_endpoint_function
    return await run_in_threadpool(dependant.call, **values)
           ^^^^^^^^^^^^^^^^^^^^^^^^^^^^^^^^^^^^^^^^^^^^^^^^^
  File "/Users/macbookpro/M4_Projects/Prodaction/Marque/venv/lib/python3.11/site-packages/starlette/concurrency.py", line 41, in run_in_threadpool
    return await anyio.to_thread.run_sync(func, *args)
           ^^^^^^^^^^^^^^^^^^^^^^^^^^^^^^^^^^^^^^^^^^^
  File "/Users/macbookpro/M4_Projects/Prodaction/Marque/venv/lib/python3.11/site-packages/anyio/to_thread.py", line 33, in run_sync
    return await get_asynclib().run_sync_in_worker_thread(
           ^^^^^^^^^^^^^^^^^^^^^^^^^^^^^^^^^^^^^^^^^^^^^^^
  File "/Users/macbookpro/M4_Projects/Prodaction/Marque/venv/lib/python3.11/site-packages/anyio/_backends/_asyncio.py", line 877, in run_sync_in_worker_thread
    return await future
           ^^^^^^^^^^^^
  File "/Users/macbookpro/M4_Projects/Prodaction/Marque/venv/lib/python3.11/site-packages/anyio/_backends/_asyncio.py", line 807, in run
    result = context.run(func, *args)
             ^^^^^^^^^^^^^^^^^^^^^^^^
  File "/Users/macbookpro/M4_Projects/Prodaction/Marque/src/app_01/routers/category_router.py", line 373, in get_products_by_category_and_subcategory
    category=CategorySchema(
             ^^^^^^^^^^^^^^^
  File "/Users/macbookpro/M4_Projects/Prodaction/Marque/venv/lib/python3.11/site-packages/pydantic/main.py", line 164, in __init__
    __pydantic_self__.__pydantic_validator__.validate_python(data, self_instance=__pydantic_self__)
pydantic_core._pydantic_core.ValidationError: 1 validation error for CategorySchema
id
  Input should be a valid string [type=string_type, input_value=11, input_type=int]
    For further information visit https://errors.pydantic.dev/2.5/v/string_type
WARNING:  WatchFiles detected changes in 'src/app_01/routers/category_router.py'. Reloading...
INFO:     Shutting down
INFO:     Waiting for application shutdown.
INFO:src.app_01.main:Shutting down Marque Multi-Market Authentication API
INFO:     Application shutdown complete.
INFO:     Finished server process [8832]
/Users/macbookpro/M4_Projects/Prodaction/Marque/venv/lib/python3.11/site-packages/pydantic/_internal/_config.py:318: UserWarning: Valid config keys have changed in V2:
* 'orm_mode' has been renamed to 'from_attributes'
  warnings.warn(message, UserWarning)
INFO:src.app_01.main:✅ SQLAdmin static files mounted from: /Users/macbookpro/M4_Projects/Prodaction/Marque/venv/lib/python3.11/site-packages/sqladmin/statics
INFO:src.app_01.main:✅ Uploads directory mounted from: /Users/macbookpro/M4_Projects/Prodaction/Marque/static/uploads
INFO:src.app_01.main:✅ SQLAdmin initialized at /admin
INFO:     Started server process [9654]
INFO:     Waiting for application startup.
INFO:src.app_01.main:Starting Marque Multi-Market Authentication API
INFO:src.app_01.main:Supported markets: KG (Kyrgyzstan), US (United States)
INFO:src.app_01.main:Loaded 2 supported markets
INFO:src.app_01.main:  - MarketEnum.KG: Kyrgyzstan (сом)
INFO:src.app_01.main:  - MarketEnum.US: United States ($)
INFO:     Application startup complete.
WARNING:  WatchFiles detected changes in 'src/app_01/routers/category_router.py'. Reloading...
INFO:     Shutting down
INFO:     Waiting for application shutdown.
INFO:src.app_01.main:Shutting down Marque Multi-Market Authentication API
INFO:     Application shutdown complete.
INFO:     Finished server process [9654]
/Users/macbookpro/M4_Projects/Prodaction/Marque/venv/lib/python3.11/site-packages/pydantic/_internal/_config.py:318: UserWarning: Valid config keys have changed in V2:
* 'orm_mode' has been renamed to 'from_attributes'
  warnings.warn(message, UserWarning)
INFO:src.app_01.main:✅ SQLAdmin static files mounted from: /Users/macbookpro/M4_Projects/Prodaction/Marque/venv/lib/python3.11/site-packages/sqladmin/statics
INFO:src.app_01.main:✅ Uploads directory mounted from: /Users/macbookpro/M4_Projects/Prodaction/Marque/static/uploads
INFO:src.app_01.main:✅ SQLAdmin initialized at /admin
INFO:     Started server process [9699]
INFO:     Waiting for application startup.
INFO:src.app_01.main:Starting Marque Multi-Market Authentication API
INFO:src.app_01.main:Supported markets: KG (Kyrgyzstan), US (United States)
INFO:src.app_01.main:Loaded 2 supported markets
INFO:src.app_01.main:  - MarketEnum.KG: Kyrgyzstan (сом)
INFO:src.app_01.main:  - MarketEnum.US: United States ($)
INFO:     Application startup complete.
ERROR:src.app_01.main:Unexpected error: 6 validation errors for ProductListResponse
products.0.price_min
  Field required [type=missing, input_value={'id': 11, 'title': 'Blue...6'], 'colors': ['Blue']}, input_type=dict]
    For further information visit https://errors.pydantic.dev/2.5/v/missing
products.0.price_max
  Field required [type=missing, input_value={'id': 11, 'title': 'Blue...6'], 'colors': ['Blue']}, input_type=dict]
    For further information visit https://errors.pydantic.dev/2.5/v/missing
products.0.rating_avg
  Input should be a valid number [type=float_type, input_value=None, input_type=NoneType]
    For further information visit https://errors.pydantic.dev/2.5/v/float_type
products.1.price_min
  Field required [type=missing, input_value={'id': 10, 'title': 'Clas...'], 'colors': ['White']}, input_type=dict]
    For further information visit https://errors.pydantic.dev/2.5/v/missing
products.1.price_max
  Field required [type=missing, input_value={'id': 10, 'title': 'Clas...'], 'colors': ['White']}, input_type=dict]
    For further information visit https://errors.pydantic.dev/2.5/v/missing
products.1.rating_avg
  Input should be a valid number [type=float_type, input_value=None, input_type=NoneType]
    For further information visit https://errors.pydantic.dev/2.5/v/float_type
INFO:     127.0.0.1:58039 - "GET /api/v1/categories/men/subcategories/t-shirts/products?limit=2 HTTP/1.1" 500 Internal Server Error
ERROR:    Exception in ASGI application
Traceback (most recent call last):
  File "/Users/macbookpro/M4_Projects/Prodaction/Marque/venv/lib/python3.11/site-packages/anyio/streams/memory.py", line 98, in receive
    return self.receive_nowait()
           ^^^^^^^^^^^^^^^^^^^^^
  File "/Users/macbookpro/M4_Projects/Prodaction/Marque/venv/lib/python3.11/site-packages/anyio/streams/memory.py", line 93, in receive_nowait
    raise WouldBlock
anyio.WouldBlock

During handling of the above exception, another exception occurred:

Traceback (most recent call last):
  File "/Users/macbookpro/M4_Projects/Prodaction/Marque/venv/lib/python3.11/site-packages/starlette/middleware/base.py", line 78, in call_next
    message = await recv_stream.receive()
              ^^^^^^^^^^^^^^^^^^^^^^^^^^^
  File "/Users/macbookpro/M4_Projects/Prodaction/Marque/venv/lib/python3.11/site-packages/anyio/streams/memory.py", line 118, in receive
    raise EndOfStream
anyio.EndOfStream

During handling of the above exception, another exception occurred:

Traceback (most recent call last):
  File "/Users/macbookpro/M4_Projects/Prodaction/Marque/venv/lib/python3.11/site-packages/uvicorn/protocols/http/httptools_impl.py", line 426, in run_asgi
    result = await app(  # type: ignore[func-returns-value]
             ^^^^^^^^^^^^^^^^^^^^^^^^^^^^^^^^^^^^^^^^^^^^^^
  File "/Users/macbookpro/M4_Projects/Prodaction/Marque/venv/lib/python3.11/site-packages/uvicorn/middleware/proxy_headers.py", line 84, in __call__
    return await self.app(scope, receive, send)
           ^^^^^^^^^^^^^^^^^^^^^^^^^^^^^^^^^^^^
  File "/Users/macbookpro/M4_Projects/Prodaction/Marque/venv/lib/python3.11/site-packages/fastapi/applications.py", line 1106, in __call__
    await super().__call__(scope, receive, send)
  File "/Users/macbookpro/M4_Projects/Prodaction/Marque/venv/lib/python3.11/site-packages/starlette/applications.py", line 122, in __call__
    await self.middleware_stack(scope, receive, send)
  File "/Users/macbookpro/M4_Projects/Prodaction/Marque/venv/lib/python3.11/site-packages/starlette/middleware/errors.py", line 184, in __call__
    raise exc
  File "/Users/macbookpro/M4_Projects/Prodaction/Marque/venv/lib/python3.11/site-packages/starlette/middleware/errors.py", line 162, in __call__
    await self.app(scope, receive, _send)
  File "/Users/macbookpro/M4_Projects/Prodaction/Marque/venv/lib/python3.11/site-packages/starlette/middleware/cors.py", line 83, in __call__
    await self.app(scope, receive, send)
  File "/Users/macbookpro/M4_Projects/Prodaction/Marque/venv/lib/python3.11/site-packages/starlette/middleware/sessions.py", line 86, in __call__
    await self.app(scope, receive, send_wrapper)
  File "/Users/macbookpro/M4_Projects/Prodaction/Marque/venv/lib/python3.11/site-packages/starlette/middleware/base.py", line 108, in __call__
    response = await self.dispatch_func(request, call_next)
               ^^^^^^^^^^^^^^^^^^^^^^^^^^^^^^^^^^^^^^^^^^^^
  File "/Users/macbookpro/M4_Projects/Prodaction/Marque/src/app_01/main.py", line 65, in dispatch
    response = await call_next(request)
               ^^^^^^^^^^^^^^^^^^^^^^^^
  File "/Users/macbookpro/M4_Projects/Prodaction/Marque/venv/lib/python3.11/site-packages/starlette/middleware/base.py", line 84, in call_next
    raise app_exc
  File "/Users/macbookpro/M4_Projects/Prodaction/Marque/venv/lib/python3.11/site-packages/starlette/middleware/base.py", line 70, in coro
    await self.app(scope, receive_or_disconnect, send_no_error)
  File "/Users/macbookpro/M4_Projects/Prodaction/Marque/venv/lib/python3.11/site-packages/starlette/middleware/base.py", line 108, in __call__
    response = await self.dispatch_func(request, call_next)
               ^^^^^^^^^^^^^^^^^^^^^^^^^^^^^^^^^^^^^^^^^^^^
  File "/Users/macbookpro/M4_Projects/Prodaction/Marque/src/app_01/main.py", line 48, in dispatch
    response = await call_next(request)
               ^^^^^^^^^^^^^^^^^^^^^^^^
  File "/Users/macbookpro/M4_Projects/Prodaction/Marque/venv/lib/python3.11/site-packages/starlette/middleware/base.py", line 84, in call_next
    raise app_exc
  File "/Users/macbookpro/M4_Projects/Prodaction/Marque/venv/lib/python3.11/site-packages/starlette/middleware/base.py", line 70, in coro
    await self.app(scope, receive_or_disconnect, send_no_error)
  File "/Users/macbookpro/M4_Projects/Prodaction/Marque/venv/lib/python3.11/site-packages/starlette/middleware/exceptions.py", line 79, in __call__
    raise exc
  File "/Users/macbookpro/M4_Projects/Prodaction/Marque/venv/lib/python3.11/site-packages/starlette/middleware/exceptions.py", line 68, in __call__
    await self.app(scope, receive, sender)
  File "/Users/macbookpro/M4_Projects/Prodaction/Marque/venv/lib/python3.11/site-packages/fastapi/middleware/asyncexitstack.py", line 20, in __call__
    raise e
  File "/Users/macbookpro/M4_Projects/Prodaction/Marque/venv/lib/python3.11/site-packages/fastapi/middleware/asyncexitstack.py", line 17, in __call__
    await self.app(scope, receive, send)
  File "/Users/macbookpro/M4_Projects/Prodaction/Marque/venv/lib/python3.11/site-packages/starlette/routing.py", line 718, in __call__
    await route.handle(scope, receive, send)
  File "/Users/macbookpro/M4_Projects/Prodaction/Marque/venv/lib/python3.11/site-packages/starlette/routing.py", line 276, in handle
    await self.app(scope, receive, send)
  File "/Users/macbookpro/M4_Projects/Prodaction/Marque/venv/lib/python3.11/site-packages/starlette/routing.py", line 66, in app
    response = await func(request)
               ^^^^^^^^^^^^^^^^^^^
  File "/Users/macbookpro/M4_Projects/Prodaction/Marque/venv/lib/python3.11/site-packages/fastapi/routing.py", line 274, in app
    raw_response = await run_endpoint_function(
                   ^^^^^^^^^^^^^^^^^^^^^^^^^^^^
  File "/Users/macbookpro/M4_Projects/Prodaction/Marque/venv/lib/python3.11/site-packages/fastapi/routing.py", line 193, in run_endpoint_function
    return await run_in_threadpool(dependant.call, **values)
           ^^^^^^^^^^^^^^^^^^^^^^^^^^^^^^^^^^^^^^^^^^^^^^^^^
  File "/Users/macbookpro/M4_Projects/Prodaction/Marque/venv/lib/python3.11/site-packages/starlette/concurrency.py", line 41, in run_in_threadpool
    return await anyio.to_thread.run_sync(func, *args)
           ^^^^^^^^^^^^^^^^^^^^^^^^^^^^^^^^^^^^^^^^^^^
  File "/Users/macbookpro/M4_Projects/Prodaction/Marque/venv/lib/python3.11/site-packages/anyio/to_thread.py", line 33, in run_sync
    return await get_asynclib().run_sync_in_worker_thread(
           ^^^^^^^^^^^^^^^^^^^^^^^^^^^^^^^^^^^^^^^^^^^^^^^
  File "/Users/macbookpro/M4_Projects/Prodaction/Marque/venv/lib/python3.11/site-packages/anyio/_backends/_asyncio.py", line 877, in run_sync_in_worker_thread
    return await future
           ^^^^^^^^^^^^
  File "/Users/macbookpro/M4_Projects/Prodaction/Marque/venv/lib/python3.11/site-packages/anyio/_backends/_asyncio.py", line 807, in run
    result = context.run(func, *args)
             ^^^^^^^^^^^^^^^^^^^^^^^^
  File "/Users/macbookpro/M4_Projects/Prodaction/Marque/src/app_01/routers/category_router.py", line 371, in get_products_by_category_and_subcategory
    return ProductListResponse(
           ^^^^^^^^^^^^^^^^^^^^
  File "/Users/macbookpro/M4_Projects/Prodaction/Marque/venv/lib/python3.11/site-packages/pydantic/main.py", line 164, in __init__
    __pydantic_self__.__pydantic_validator__.validate_python(data, self_instance=__pydantic_self__)
pydantic_core._pydantic_core.ValidationError: 6 validation errors for ProductListResponse
products.0.price_min
  Field required [type=missing, input_value={'id': 11, 'title': 'Blue...6'], 'colors': ['Blue']}, input_type=dict]
    For further information visit https://errors.pydantic.dev/2.5/v/missing
products.0.price_max
  Field required [type=missing, input_value={'id': 11, 'title': 'Blue...6'], 'colors': ['Blue']}, input_type=dict]
    For further information visit https://errors.pydantic.dev/2.5/v/missing
products.0.rating_avg
  Input should be a valid number [type=float_type, input_value=None, input_type=NoneType]
    For further information visit https://errors.pydantic.dev/2.5/v/float_type
products.1.price_min
  Field required [type=missing, input_value={'id': 10, 'title': 'Clas...'], 'colors': ['White']}, input_type=dict]
    For further information visit https://errors.pydantic.dev/2.5/v/missing
products.1.price_max
  Field required [type=missing, input_value={'id': 10, 'title': 'Clas...'], 'colors': ['White']}, input_type=dict]
    For further information visit https://errors.pydantic.dev/2.5/v/missing
products.1.rating_avg
  Input should be a valid number [type=float_type, input_value=None, input_type=NoneType]
    For further information visit https://errors.pydantic.dev/2.5/v/float_type
WARNING:  WatchFiles detected changes in 'src/app_01/routers/category_router.py'. Reloading...
INFO:     Shutting down
INFO:     Waiting for application shutdown.
INFO:src.app_01.main:Shutting down Marque Multi-Market Authentication API
INFO:     Application shutdown complete.
INFO:     Finished server process [9699]
/Users/macbookpro/M4_Projects/Prodaction/Marque/venv/lib/python3.11/site-packages/pydantic/_internal/_config.py:318: UserWarning: Valid config keys have changed in V2:
* 'orm_mode' has been renamed to 'from_attributes'
  warnings.warn(message, UserWarning)
INFO:src.app_01.main:✅ SQLAdmin static files mounted from: /Users/macbookpro/M4_Projects/Prodaction/Marque/venv/lib/python3.11/site-packages/sqladmin/statics
INFO:src.app_01.main:✅ Uploads directory mounted from: /Users/macbookpro/M4_Projects/Prodaction/Marque/static/uploads
INFO:src.app_01.main:✅ SQLAdmin initialized at /admin
INFO:     Started server process [10401]
INFO:     Waiting for application startup.
INFO:src.app_01.main:Starting Marque Multi-Market Authentication API
INFO:src.app_01.main:Supported markets: KG (Kyrgyzstan), US (United States)
INFO:src.app_01.main:Loaded 2 supported markets
INFO:src.app_01.main:  - MarketEnum.KG: Kyrgyzstan (сом)
INFO:src.app_01.main:  - MarketEnum.US: United States ($)
INFO:     Application startup complete.
INFO:     127.0.0.1:58618 - "GET /api/v1/subcategories/t-shirts/products?limit=2 HTTP/1.1" 200 OK
ERROR:src.app_01.main:Unexpected error: 1 validation error for CategoryWithCountSchema
sort_order
  Input should be a valid integer [type=int_type, input_value=None, input_type=NoneType]
    For further information visit https://errors.pydantic.dev/2.5/v/int_type
INFO:     127.0.0.1:63681 - "GET /api/v1/categories HTTP/1.1" 500 Internal Server Error
ERROR:    Exception in ASGI application
Traceback (most recent call last):
  File "/Users/macbookpro/M4_Projects/Prodaction/Marque/venv/lib/python3.11/site-packages/anyio/streams/memory.py", line 98, in receive
    return self.receive_nowait()
           ^^^^^^^^^^^^^^^^^^^^^
  File "/Users/macbookpro/M4_Projects/Prodaction/Marque/venv/lib/python3.11/site-packages/anyio/streams/memory.py", line 93, in receive_nowait
    raise WouldBlock
anyio.WouldBlock

During handling of the above exception, another exception occurred:

Traceback (most recent call last):
  File "/Users/macbookpro/M4_Projects/Prodaction/Marque/venv/lib/python3.11/site-packages/starlette/middleware/base.py", line 78, in call_next
    message = await recv_stream.receive()
              ^^^^^^^^^^^^^^^^^^^^^^^^^^^
  File "/Users/macbookpro/M4_Projects/Prodaction/Marque/venv/lib/python3.11/site-packages/anyio/streams/memory.py", line 118, in receive
    raise EndOfStream
anyio.EndOfStream

During handling of the above exception, another exception occurred:

Traceback (most recent call last):
  File "/Users/macbookpro/M4_Projects/Prodaction/Marque/venv/lib/python3.11/site-packages/uvicorn/protocols/http/httptools_impl.py", line 426, in run_asgi
    result = await app(  # type: ignore[func-returns-value]
             ^^^^^^^^^^^^^^^^^^^^^^^^^^^^^^^^^^^^^^^^^^^^^^
  File "/Users/macbookpro/M4_Projects/Prodaction/Marque/venv/lib/python3.11/site-packages/uvicorn/middleware/proxy_headers.py", line 84, in __call__
    return await self.app(scope, receive, send)
           ^^^^^^^^^^^^^^^^^^^^^^^^^^^^^^^^^^^^
  File "/Users/macbookpro/M4_Projects/Prodaction/Marque/venv/lib/python3.11/site-packages/fastapi/applications.py", line 1106, in __call__
    await super().__call__(scope, receive, send)
  File "/Users/macbookpro/M4_Projects/Prodaction/Marque/venv/lib/python3.11/site-packages/starlette/applications.py", line 122, in __call__
    await self.middleware_stack(scope, receive, send)
  File "/Users/macbookpro/M4_Projects/Prodaction/Marque/venv/lib/python3.11/site-packages/starlette/middleware/errors.py", line 184, in __call__
    raise exc
  File "/Users/macbookpro/M4_Projects/Prodaction/Marque/venv/lib/python3.11/site-packages/starlette/middleware/errors.py", line 162, in __call__
    await self.app(scope, receive, _send)
  File "/Users/macbookpro/M4_Projects/Prodaction/Marque/venv/lib/python3.11/site-packages/starlette/middleware/cors.py", line 83, in __call__
    await self.app(scope, receive, send)
  File "/Users/macbookpro/M4_Projects/Prodaction/Marque/venv/lib/python3.11/site-packages/starlette/middleware/sessions.py", line 86, in __call__
    await self.app(scope, receive, send_wrapper)
  File "/Users/macbookpro/M4_Projects/Prodaction/Marque/venv/lib/python3.11/site-packages/starlette/middleware/base.py", line 108, in __call__
    response = await self.dispatch_func(request, call_next)
               ^^^^^^^^^^^^^^^^^^^^^^^^^^^^^^^^^^^^^^^^^^^^
  File "/Users/macbookpro/M4_Projects/Prodaction/Marque/src/app_01/main.py", line 65, in dispatch
    response = await call_next(request)
               ^^^^^^^^^^^^^^^^^^^^^^^^
  File "/Users/macbookpro/M4_Projects/Prodaction/Marque/venv/lib/python3.11/site-packages/starlette/middleware/base.py", line 84, in call_next
    raise app_exc
  File "/Users/macbookpro/M4_Projects/Prodaction/Marque/venv/lib/python3.11/site-packages/starlette/middleware/base.py", line 70, in coro
    await self.app(scope, receive_or_disconnect, send_no_error)
  File "/Users/macbookpro/M4_Projects/Prodaction/Marque/venv/lib/python3.11/site-packages/starlette/middleware/base.py", line 108, in __call__
    response = await self.dispatch_func(request, call_next)
               ^^^^^^^^^^^^^^^^^^^^^^^^^^^^^^^^^^^^^^^^^^^^
  File "/Users/macbookpro/M4_Projects/Prodaction/Marque/src/app_01/main.py", line 48, in dispatch
    response = await call_next(request)
               ^^^^^^^^^^^^^^^^^^^^^^^^
  File "/Users/macbookpro/M4_Projects/Prodaction/Marque/venv/lib/python3.11/site-packages/starlette/middleware/base.py", line 84, in call_next
    raise app_exc
  File "/Users/macbookpro/M4_Projects/Prodaction/Marque/venv/lib/python3.11/site-packages/starlette/middleware/base.py", line 70, in coro
    await self.app(scope, receive_or_disconnect, send_no_error)
  File "/Users/macbookpro/M4_Projects/Prodaction/Marque/venv/lib/python3.11/site-packages/starlette/middleware/exceptions.py", line 79, in __call__
    raise exc
  File "/Users/macbookpro/M4_Projects/Prodaction/Marque/venv/lib/python3.11/site-packages/starlette/middleware/exceptions.py", line 68, in __call__
    await self.app(scope, receive, sender)
  File "/Users/macbookpro/M4_Projects/Prodaction/Marque/venv/lib/python3.11/site-packages/fastapi/middleware/asyncexitstack.py", line 20, in __call__
    raise e
  File "/Users/macbookpro/M4_Projects/Prodaction/Marque/venv/lib/python3.11/site-packages/fastapi/middleware/asyncexitstack.py", line 17, in __call__
    await self.app(scope, receive, send)
  File "/Users/macbookpro/M4_Projects/Prodaction/Marque/venv/lib/python3.11/site-packages/starlette/routing.py", line 718, in __call__
    await route.handle(scope, receive, send)
  File "/Users/macbookpro/M4_Projects/Prodaction/Marque/venv/lib/python3.11/site-packages/starlette/routing.py", line 276, in handle
    await self.app(scope, receive, send)
  File "/Users/macbookpro/M4_Projects/Prodaction/Marque/venv/lib/python3.11/site-packages/starlette/routing.py", line 66, in app
    response = await func(request)
               ^^^^^^^^^^^^^^^^^^^
  File "/Users/macbookpro/M4_Projects/Prodaction/Marque/venv/lib/python3.11/site-packages/fastapi/routing.py", line 274, in app
    raw_response = await run_endpoint_function(
                   ^^^^^^^^^^^^^^^^^^^^^^^^^^^^
  File "/Users/macbookpro/M4_Projects/Prodaction/Marque/venv/lib/python3.11/site-packages/fastapi/routing.py", line 193, in run_endpoint_function
    return await run_in_threadpool(dependant.call, **values)
           ^^^^^^^^^^^^^^^^^^^^^^^^^^^^^^^^^^^^^^^^^^^^^^^^^
  File "/Users/macbookpro/M4_Projects/Prodaction/Marque/venv/lib/python3.11/site-packages/starlette/concurrency.py", line 41, in run_in_threadpool
    return await anyio.to_thread.run_sync(func, *args)
           ^^^^^^^^^^^^^^^^^^^^^^^^^^^^^^^^^^^^^^^^^^^
  File "/Users/macbookpro/M4_Projects/Prodaction/Marque/venv/lib/python3.11/site-packages/anyio/to_thread.py", line 33, in run_sync
    return await get_asynclib().run_sync_in_worker_thread(
           ^^^^^^^^^^^^^^^^^^^^^^^^^^^^^^^^^^^^^^^^^^^^^^^
  File "/Users/macbookpro/M4_Projects/Prodaction/Marque/venv/lib/python3.11/site-packages/anyio/_backends/_asyncio.py", line 877, in run_sync_in_worker_thread
    return await future
           ^^^^^^^^^^^^
  File "/Users/macbookpro/M4_Projects/Prodaction/Marque/venv/lib/python3.11/site-packages/anyio/_backends/_asyncio.py", line 807, in run
    result = context.run(func, *args)
             ^^^^^^^^^^^^^^^^^^^^^^^^
  File "/Users/macbookpro/M4_Projects/Prodaction/Marque/src/app_01/routers/category_router.py", line 44, in get_all_categories
    category_list.append(CategoryWithCountSchema(
                         ^^^^^^^^^^^^^^^^^^^^^^^^
  File "/Users/macbookpro/M4_Projects/Prodaction/Marque/venv/lib/python3.11/site-packages/pydantic/main.py", line 164, in __init__
    __pydantic_self__.__pydantic_validator__.validate_python(data, self_instance=__pydantic_self__)
pydantic_core._pydantic_core.ValidationError: 1 validation error for CategoryWithCountSchema
sort_order
  Input should be a valid integer [type=int_type, input_value=None, input_type=NoneType]
    For further information visit https://errors.pydantic.dev/2.5/v/int_type
